<?xml version="1.0" encoding="UTF-8"?>
<!-- Generated by org.testng.reporters.JUnitReportReporter -->
<testsuite hostname="LAPTOP-6TGN24LQ" failures="0" tests="4" name="day1.Day1" time="3.935" errors="0" timestamp="2023-09-20T20:07:22 IST" skipped="0">
  <testcase classname="day1.Day1" name="getUsers" time="2.448"/>
  <system-out/>
  <testcase classname="day1.Day1" name="createUser" time="0.747"/>
  <system-out/>
  <testcase classname="day1.Day1" name="updateUser" time="0.374"/>
  <system-out/>
  <testcase classname="day1.Day1" name="deleteUser" time="0.366"/>
  <system-out/>
</testsuite> <!-- day1.Day1 -->
