<?xml version="1.0" encoding="UTF-8"?>
<!-- Generated by org.testng.reporters.JUnitReportReporter -->
<testsuite hostname="LAPTOP-6TGN24LQ" failures="0" tests="1" name="day2.DiffwaysTopassData" time="2.842" errors="0" timestamp="2023-09-21T12:45:31 IST" skipped="0">
  <testcase classname="day2.DiffwaysTopassData" name="externalJson" time="2.842"/>
  <system-out/>
</testsuite> <!-- day2.DiffwaysTopassData -->
